0 info it worked if it ends with ok
1 verbose cli [ '/usr/bin/nodejs',
1 verbose cli   '/usr/bin/npm',
1 verbose cli   'install',
1 verbose cli   '-g',
1 verbose cli   'google-fonts-offline' ]
2 info using npm@3.10.9
3 info using node@v6.9.2
4 silly loadCurrentTree Starting
5 silly install loadCurrentTree
6 silly install readGlobalPackageData
7 silly fetchPackageMetaData google-fonts-offline
8 silly fetchNamedPackageData google-fonts-offline
9 silly mapToRegistry name google-fonts-offline
10 silly mapToRegistry using default registry
11 silly mapToRegistry registry https://registry.npmjs.org/
12 silly mapToRegistry data Result {
12 silly mapToRegistry   raw: 'google-fonts-offline',
12 silly mapToRegistry   scope: null,
12 silly mapToRegistry   escapedName: 'google-fonts-offline',
12 silly mapToRegistry   name: 'google-fonts-offline',
12 silly mapToRegistry   rawSpec: '',
12 silly mapToRegistry   spec: 'latest',
12 silly mapToRegistry   type: 'tag' }
13 silly mapToRegistry uri https://registry.npmjs.org/google-fonts-offline
14 verbose request uri https://registry.npmjs.org/google-fonts-offline
15 verbose request no auth needed
16 info attempt registry request try #1 at 3:15:49 PM
17 verbose request id caffddbadb24ee8a
18 verbose etag W/"5874596b-1a73"
19 verbose lastModified Tue, 10 Jan 2017 03:47:55 GMT
20 http request GET https://registry.npmjs.org/google-fonts-offline
21 http 304 https://registry.npmjs.org/google-fonts-offline
22 verbose headers { date: 'Thu, 26 Jan 2017 09:41:26 GMT',
22 verbose headers   via: '1.1 varnish',
22 verbose headers   'cache-control': 'max-age=300',
22 verbose headers   etag: 'W/"5874596b-1a73"',
22 verbose headers   age: '159',
22 verbose headers   connection: 'keep-alive',
22 verbose headers   'x-served-by': 'cache-hkg6821-HKG',
22 verbose headers   'x-cache': 'HIT',
22 verbose headers   'x-cache-hits': '1',
22 verbose headers   'x-timer': 'S1485423686.037837,VS0,VE0',
22 verbose headers   vary: 'Accept-Encoding' }
23 silly get cb [ 304,
23 silly get   { date: 'Thu, 26 Jan 2017 09:41:26 GMT',
23 silly get     via: '1.1 varnish',
23 silly get     'cache-control': 'max-age=300',
23 silly get     etag: 'W/"5874596b-1a73"',
23 silly get     age: '159',
23 silly get     connection: 'keep-alive',
23 silly get     'x-served-by': 'cache-hkg6821-HKG',
23 silly get     'x-cache': 'HIT',
23 silly get     'x-cache-hits': '1',
23 silly get     'x-timer': 'S1485423686.037837,VS0,VE0',
23 silly get     vary: 'Accept-Encoding' } ]
24 verbose etag https://registry.npmjs.org/google-fonts-offline from cache
25 verbose get saving google-fonts-offline to /home/akshara/.npm/registry.npmjs.org/google-fonts-offline/.cache.json
26 verbose correctMkdir /home/akshara/.npm correctMkdir not in flight; initializing
27 silly install normalizeTree
28 silly loadCurrentTree Finishing
29 silly loadIdealTree Starting
30 silly install loadIdealTree
31 silly cloneCurrentTree Starting
32 silly install cloneCurrentTreeToIdealTree
33 silly cloneCurrentTree Finishing
34 silly loadShrinkwrap Starting
35 silly install loadShrinkwrap
36 silly loadShrinkwrap Finishing
37 silly loadAllDepsIntoIdealTree Starting
38 silly install loadAllDepsIntoIdealTree
39 silly resolveWithNewModule google-fonts-offline@0.1.2 checking installable status
40 silly cache add args [ 'google-fonts-offline', null ]
41 verbose cache add spec google-fonts-offline
42 silly cache add parsed spec Result {
42 silly cache add   raw: 'google-fonts-offline',
42 silly cache add   scope: null,
42 silly cache add   escapedName: 'google-fonts-offline',
42 silly cache add   name: 'google-fonts-offline',
42 silly cache add   rawSpec: '',
42 silly cache add   spec: 'latest',
42 silly cache add   type: 'tag' }
43 silly addNamed google-fonts-offline@latest
44 verbose addNamed "latest" is being treated as a dist-tag for google-fonts-offline
45 info addNameTag [ 'google-fonts-offline', 'latest' ]
46 silly mapToRegistry name google-fonts-offline
47 silly mapToRegistry using default registry
48 silly mapToRegistry registry https://registry.npmjs.org/
49 silly mapToRegistry data Result {
49 silly mapToRegistry   raw: 'google-fonts-offline',
49 silly mapToRegistry   scope: null,
49 silly mapToRegistry   escapedName: 'google-fonts-offline',
49 silly mapToRegistry   name: 'google-fonts-offline',
49 silly mapToRegistry   rawSpec: '',
49 silly mapToRegistry   spec: 'latest',
49 silly mapToRegistry   type: 'tag' }
50 silly mapToRegistry uri https://registry.npmjs.org/google-fonts-offline
51 verbose addNameTag registry:https://registry.npmjs.org/google-fonts-offline not in flight; fetching
52 verbose get https://registry.npmjs.org/google-fonts-offline not expired, no request
53 silly addNameTag next cb for google-fonts-offline with tag latest
54 silly addNamed google-fonts-offline@0.1.2
55 verbose addNamed "0.1.2" is a plain semver version for google-fonts-offline
56 silly cache afterAdd google-fonts-offline@0.1.2
57 verbose afterAdd /home/akshara/.npm/google-fonts-offline/0.1.2/package/package.json not in flight; writing
58 verbose correctMkdir /home/akshara/.npm correctMkdir not in flight; initializing
59 verbose afterAdd /home/akshara/.npm/google-fonts-offline/0.1.2/package/package.json written
60 silly loadAllDepsIntoIdealTree Finishing
61 silly loadIdealTree Finishing
62 silly currentTree lib
63 silly idealTree lib
63 silly idealTree `-- google-fonts-offline@0.1.2
64 silly generateActionsToTake Starting
65 silly install generateActionsToTake
66 warn checkPermissions Missing write access to /usr/lib/node_modules
67 silly rollbackFailedOptional Starting
68 silly rollbackFailedOptional Finishing
69 silly runTopLevelLifecycles Finishing
70 silly install printInstalled
71 verbose stack Error: EACCES: permission denied, access '/usr/lib/node_modules'
71 verbose stack     at Error (native)
72 verbose cwd /home/akshara/Desktop/NODE PROJECT
73 error Linux 4.4.0-57-generic
74 error argv "/usr/bin/nodejs" "/usr/bin/npm" "install" "-g" "google-fonts-offline"
75 error node v6.9.2
76 error npm  v3.10.9
77 error path /usr/lib/node_modules
78 error code EACCES
79 error errno -13
80 error syscall access
81 error Error: EACCES: permission denied, access '/usr/lib/node_modules'
81 error     at Error (native)
81 error  { Error: EACCES: permission denied, access '/usr/lib/node_modules'
81 error     at Error (native)
81 error   errno: -13,
81 error   code: 'EACCES',
81 error   syscall: 'access',
81 error   path: '/usr/lib/node_modules' }
82 error Please try running this command again as root/Administrator.
83 verbose exit [ -13, true ]
